<?xml version="1.0" encoding="UTF-8"?>
<!-- Generated by org.testng.reporters.JUnitReportReporter -->
<testsuite hostname="PC-201307311027" name="com.jollychic.JollyCI.GetEdtionTest" tests="2" failures="0" timestamp="5 May 2016 13:31:29 GMT" time="0.390" errors="0">
  <testcase name="execute" time="0.390" classname="com.jollychic.JollyCI.GetEdtionTest"/>
  <testcase name="execute2" time="0.000" classname="com.jollychic.JollyCI.GetEdtionTest"/>
</testsuite>
