<?xml version="1.0" encoding="UTF-8" ?>
<testsuite failures="1" time="2.588" errors="0" skipped="0" tests="4" name="TestSuite">
  <properties>
    <property name="java.runtime.name" value="Java(TM) SE Runtime Environment"/>
    <property name="sun.boot.library.path" value="D:\Program Files\Java\jdk1.7.0_79\jre\bin"/>
    <property name="java.vm.version" value="24.79-b02"/>
    <property name="java.vm.vendor" value="Oracle Corporation"/>
    <property name="maven.multiModuleProjectDirectory" value="F:\Jolly\App2Test"/>
    <property name="java.vendor.url" value="http://java.oracle.com/"/>
    <property name="path.separator" value=";"/>
    <property name="guice.disable.misplaced.annotation.check" value="true"/>
    <property name="java.vm.name" value="Java HotSpot(TM) 64-Bit Server VM"/>
    <property name="file.encoding.pkg" value="sun.io"/>
    <property name="user.script" value=""/>
    <property name="user.country" value="CN"/>
    <property name="sun.java.launcher" value="SUN_STANDARD"/>
    <property name="sun.os.patch.level" value="Service Pack 1"/>
    <property name="java.vm.specification.name" value="Java Virtual Machine Specification"/>
    <property name="user.dir" value="F:\Jolly\App2Test"/>
    <property name="java.runtime.version" value="1.7.0_79-b15"/>
    <property name="java.awt.graphicsenv" value="sun.awt.Win32GraphicsEnvironment"/>
    <property name="java.endorsed.dirs" value="D:\Program Files\Java\jdk1.7.0_79\jre\lib\endorsed"/>
    <property name="os.arch" value="amd64"/>
    <property name="java.io.tmpdir" value="C:\Users\ADMINI~1\AppData\Local\Temp\"/>
    <property name="line.separator" value="
"/>
    <property name="java.vm.specification.vendor" value="Oracle Corporation"/>
    <property name="user.variant" value=""/>
    <property name="os.name" value="Windows 7"/>
    <property name="classworlds.conf" value="D:\apache-maven-3.3.9\bin\..\bin\m2.conf"/>
    <property name="sun.jnu.encoding" value="GBK"/>
    <property name="java.library.path" value="D:\Program Files\Java\jdk1.7.0_79\bin;C:\Windows\Sun\Java\bin;C:\Windows\system32;C:\Windows;C:\Program Files (x86)\Java\jdk1.6.0_43\bin;C:\Program Files (x86)\Java\jdk1.6.0_43\jre\bin;F:\android\sdk\platform-tools;F:\android\sdk\build-tools\19.1.0;F:\android\sdk\tools;F:\android\apache-ant-1.9.6\bin;D:\apache-maven-3.3.9\bin;C:\Windows\System32\Wbem;C:\Windows\System32\WindowsPowerShell\v1.0\;C:\MentorGraphics\9.5PADS\MGC_HOME.ixn\bin;C:\Windows\system32;C:\Windows;C:\strawberry\c\bin;C:\strawberry\perl\bin;C:\Program Files (x86)\Git\bin;C:\Program Files\MongoDB\Server\3.2\bin;C:\Program Files (x86)\Lenovo\Lenovo Home\DCMainWin.exe;C:\Program Files (x86)\SSH Communications Security\SSH Secure Shell;C:\Users\Administrator\AppData\Roaming\npm;."/>
    <property name="java.specification.name" value="Java Platform API Specification"/>
    <property name="java.class.version" value="51.0"/>
    <property name="sun.management.compiler" value="HotSpot 64-Bit Tiered Compilers"/>
    <property name="os.version" value="6.1"/>
    <property name="user.home" value="C:\Users\Administrator"/>
    <property name="user.timezone" value="Asia/Shanghai"/>
    <property name="java.awt.printerjob" value="sun.awt.windows.WPrinterJob"/>
    <property name="java.specification.version" value="1.7"/>
    <property name="file.encoding" value="GBK"/>
    <property name="user.name" value="Administrator"/>
    <property name="java.class.path" value="D:\apache-maven-3.3.9\bin\..\boot\plexus-classworlds-2.5.2.jar"/>
    <property name="java.vm.specification.version" value="1.7"/>
    <property name="sun.arch.data.model" value="64"/>
    <property name="java.home" value="D:\Program Files\Java\jdk1.7.0_79\jre"/>
    <property name="sun.java.command" value="org.codehaus.plexus.classworlds.launcher.Launcher test"/>
    <property name="java.specification.vendor" value="Oracle Corporation"/>
    <property name="user.language" value="zh"/>
    <property name="awt.toolkit" value="sun.awt.windows.WToolkit"/>
    <property name="java.vm.info" value="mixed mode"/>
    <property name="java.version" value="1.7.0_79"/>
    <property name="java.ext.dirs" value="D:\Program Files\Java\jdk1.7.0_79\jre\lib\ext;C:\Windows\Sun\Java\lib\ext"/>
    <property name="sun.boot.class.path" value="D:\Program Files\Java\jdk1.7.0_79\jre\lib\resources.jar;D:\Program Files\Java\jdk1.7.0_79\jre\lib\rt.jar;D:\Program Files\Java\jdk1.7.0_79\jre\lib\sunrsasign.jar;D:\Program Files\Java\jdk1.7.0_79\jre\lib\jsse.jar;D:\Program Files\Java\jdk1.7.0_79\jre\lib\jce.jar;D:\Program Files\Java\jdk1.7.0_79\jre\lib\charsets.jar;D:\Program Files\Java\jdk1.7.0_79\jre\lib\jfr.jar;D:\Program Files\Java\jdk1.7.0_79\jre\classes"/>
    <property name="java.vendor" value="Oracle Corporation"/>
    <property name="maven.home" value="D:\apache-maven-3.3.9\bin\.."/>
    <property name="file.separator" value="\"/>
    <property name="java.vendor.url.bug" value="http://bugreport.sun.com/bugreport/"/>
    <property name="sun.cpu.endian" value="little"/>
    <property name="sun.io.unicode.encoding" value="UnicodeLittle"/>
    <property name="sun.desktop" value="windows"/>
    <property name="sun.cpu.isalist" value="amd64"/>
  </properties>
  <testcase time="2.288" classname="com.jollychic.app2Test.GetEdtionTest" name="execute"/>
  <testcase time="0.011" classname="com.jollychic.app2Test.GetEdtionTest" name="execute2"/>
  <testcase time="0.001" classname="com.jollychic.app2Test.RegisterTest" name="execute2"/>
  <testcase time="0.288" classname="com.jollychic.app2Test.RegisterTest" name="getNormalRegister">
    <failure type="java.lang.NullPointerException">java.lang.NullPointerException
	at com.jollychic.jdbc.DataBase.updateClose(DataBase.java:95)
	at com.jollychic.jdbc.DataBase.update(DataBase.java:68)
	at com.jollychic.dao.RegisterDao.deleteUser(RegisterDao.java:17)
	at com.jollychic.app2Test.RegisterTest.getNormalRegister(RegisterTest.java:34)
</failure>
    <system-out>POST 请求....http://192.168.3.33:2015/user/register.do
-------------------------------------------------------
{&quot;alias&quot;:&quot;dong&quot;,&quot;appVersion&quot;:&quot;3.1&quot;,&quot;confirm&quot;:&quot;dongdong123&quot;,&quot;password&quot;:&quot;dongdong123&quot;,&quot;sex&quot;:&quot;1&quot;,&quot;terminalType&quot;:2,&quot;userName&quot;:&quot;zhangdo@163.com&quot;}
-------------------------------------------------------
{&quot;message&quot;:&quot;The email address has been registered. Please enter another one.&quot;,&quot;messageType&quot;:2,&quot;result&quot;:1,&quot;userId&quot;:648001528,&quot;userToken&quot;:&quot;DH8sGbnz3n+ibtFYmIHU2QQQ&quot;,&quot;username&quot;:&quot;zhangdo@163.com&quot;}
-------------------------------------------------------
HTTP/1.1 200 OK
</system-out>
  </testcase>
</testsuite>