<?xml version="1.0" encoding="UTF-8"?>
<!-- Generated by org.testng.reporters.JUnitReportReporter -->
<testsuite hostname="PC-201307311027" name="com.jollychic.JollyCI.GetGoodsCommentsTest" tests="2" failures="0" timestamp="10 May 2016 08:32:59 GMT" time="0.078" errors="0">
  <testcase name="execute2" time="0.000" classname="com.jollychic.JollyCI.GetGoodsCommentsTest"/>
  <testcase name="execute" time="0.078" classname="com.jollychic.JollyCI.GetGoodsCommentsTest"/>
</testsuite> <!-- com.jollychic.JollyCI.GetGoodsCommentsTest -->
