<?xml version="1.0" encoding="UTF-8"?>
<!-- Generated by org.testng.reporters.JUnitReportReporter -->
<testsuite hostname="PC-201307311027" name="com.jollychic.JollyCI.GetEdtionTest" tests="2" failures="0" timestamp="10 May 2016 08:32:59 GMT" time="0.515" errors="0">
  <testcase name="execute" time="0.515" classname="com.jollychic.JollyCI.GetEdtionTest"/>
  <testcase name="execute2" time="0.000" classname="com.jollychic.JollyCI.GetEdtionTest"/>
</testsuite> <!-- com.jollychic.JollyCI.GetEdtionTest -->
